<?xml version="1.0" encoding="UTF-8"?>
<testng-results skipped="0" failed="0" ignored="0" total="1" passed="1">
  <reporter-output>
    <line>
      <![CDATA[test]]>
    </line>
  </reporter-output>
  <suite name="Default suite" duration-ms="8969" started-at="2018-09-26T09:45:43Z" finished-at="2018-09-26T09:45:52Z">
    <groups>
    </groups>
    <test name="Default test" duration-ms="8969" started-at="2018-09-26T09:45:43Z" finished-at="2018-09-26T09:45:52Z">
      <class name="script.TestDemo">
        <test-method status="PASS" signature="openApp()[pri:0, instance:script.TestDemo@5622fdf]" name="openApp" is-config="true" duration-ms="6599" started-at="2018-09-26T09:45:43Z" finished-at="2018-09-26T09:45:50Z">
          <reporter-output>
          </reporter-output>
        </test-method> <!-- openApp -->
        <test-method status="PASS" signature="testA()[pri:0, instance:script.TestDemo@5622fdf]" name="testA" duration-ms="7" started-at="2018-09-26T09:45:50Z" finished-at="2018-09-26T09:45:50Z">
          <reporter-output>
            <line>
              <![CDATA[test]]>
            </line>
          </reporter-output>
        </test-method> <!-- testA -->
        <test-method status="PASS" signature="closeApp()[pri:0, instance:script.TestDemo@5622fdf]" name="closeApp" is-config="true" duration-ms="2321" started-at="2018-09-26T09:45:50Z" finished-at="2018-09-26T09:45:52Z">
          <reporter-output>
          </reporter-output>
        </test-method> <!-- closeApp -->
      </class> <!-- script.TestDemo -->
    </test> <!-- Default test -->
  </suite> <!-- Default suite -->
</testng-results>
